[0810/000602:INFO:exception_record.cc(518)] [QB]Process ID: 12708 Type: 4
[0810/105110:WARNING:dns_config_service_win.cc(674)] Failed to read DnsConfig.
[0810/105130:INFO:exception_record.cc(518)] [QB]Process ID: 15592 Type: 4
[0810/122955:INFO:exception_record.cc(518)] [QB]Process ID: 15496 Type: 2
[0810/122956:INFO:http_cache_transaction.cc(72)] IgnoreZeroCacheError: 0
[0810/123000:WARNING:webmediaplayer_impl.cc(341)] Using MultibufferDataSource
[0810/123001:WARNING:quota_manager.cc(1833)] Create directory failed for path
[0810/123001:WARNING:quota_manager.cc(1833)] Create directory failed for path
[0810/123005:WARNING:quota_manager.cc(1833)] Create directory failed for path
[0810/130001:WARNING:quota_manager.cc(1833)] Create directory failed for path
[0810/133001:WARNING:quota_manager.cc(1833)] Create directory failed for path
[0810/140001:WARNING:quota_manager.cc(1833)] Create directory failed for path
[0810/143001:WARNING:quota_manager.cc(1833)] Create directory failed for path
[0810/150001:WARNING:quota_manager.cc(1833)] Create directory failed for path
[0810/153001:WARNING:quota_manager.cc(1833)] Create directory failed for path
[0810/160001:WARNING:quota_manager.cc(1833)] Create directory failed for path
[0810/163001:WARNING:quota_manager.cc(1833)] Create directory failed for path
[0810/170001:WARNING:quota_manager.cc(1833)] Create directory failed for path
[0810/173001:WARNING:quota_manager.cc(1833)] Create directory failed for path
[0810/180001:WARNING:quota_manager.cc(1833)] Create directory failed for path
[0810/183001:WARNING:quota_manager.cc(1833)] Create directory failed for path
[0810/202427:WARNING:quota_manager.cc(1833)] Create directory failed for path
[0810/202431:WARNING:dns_config_service_win.cc(674)] Failed to read DnsConfig.
[0810/202433:WARNING:dns_config_service_win.cc(674)] Failed to read DnsConfig.
[0810/202433:WARNING:dns_config_service_win.cc(674)] Failed to read DnsConfig.
[0810/202451:INFO:exception_record.cc(518)] [QB]Process ID: 17364 Type: 4
[0810/205427:WARNING:quota_manager.cc(1833)] Create directory failed for path
[0810/212427:WARNING:quota_manager.cc(1833)] Create directory failed for path
[0810/215427:WARNING:quota_manager.cc(1833)] Create directory failed for path
[0810/222427:WARNING:quota_manager.cc(1833)] Create directory failed for path
