[0706/195328:INFO:http_cache_transaction.cc(72)] IgnoreZeroCacheError: 0
[0707/112135:INFO:exception_record.cc(518)] [QB]Process ID: 16792 Type: 4
[0707/144759:INFO:exception_record.cc(518)] [QB]Process ID: 17496 Type: 4
[0708/105655:WARNING:dns_config_service_win.cc(674)] Failed to read DnsConfig.
[0708/105700:WARNING:dns_config_service_win.cc(674)] Failed to read DnsConfig.
[0708/105705:WARNING:dns_config_service_win.cc(674)] Failed to read DnsConfig.
[0708/105710:WARNING:dns_config_service_win.cc(674)] Failed to read DnsConfig.
[0708/105710:WARNING:dns_config_service_win.cc(674)] Failed to read DnsConfig.
[0708/105710:WARNING:dns_config_service_win.cc(674)] Failed to read DnsConfig.
[0708/105716:WARNING:dns_config_service_win.cc(674)] Failed to read DnsConfig.
[0708/105717:WARNING:dns_config_service_win.cc(674)] Failed to read DnsConfig.
[0708/191322:WARNING:dns_config_service_win.cc(674)] Failed to read DnsConfig.
[0709/111545:WARNING:dns_config_service_win.cc(674)] Failed to read DnsConfig.
[0709/111548:WARNING:dns_config_service_win.cc(674)] Failed to read DnsConfig.
[0709/111548:WARNING:dns_config_service_win.cc(674)] Failed to read DnsConfig.
[0709/111550:WARNING:dns_config_service_win.cc(674)] Failed to read DnsConfig.
[0709/111550:WARNING:dns_config_service_win.cc(674)] Failed to read DnsConfig.
[0709/111553:WARNING:dns_config_service_win.cc(674)] Failed to read DnsConfig.
[0709/111555:WARNING:dns_config_service_win.cc(674)] Failed to read DnsConfig.
[0709/111555:WARNING:dns_config_service_win.cc(674)] Failed to read DnsConfig.
[0709/112055:WARNING:dns_config_service_win.cc(674)] Failed to read DnsConfig.
[0709/191445:WARNING:dns_config_service_win.cc(674)] Failed to read DnsConfig.
[0709/191448:WARNING:dns_config_service_win.cc(674)] Failed to read DnsConfig.
[0712/013507:INFO:exception_record.cc(518)] [QB]Process ID: 11368 Type: 4
[0712/103607:WARNING:dns_config_service_win.cc(674)] Failed to read DnsConfig.
[0712/103612:WARNING:dns_config_service_win.cc(674)] Failed to read DnsConfig.
[0712/103630:INFO:exception_record.cc(518)] [QB]Process ID: 8104 Type: 4
[0712/110925:INFO:http_cache_transaction.cc(72)] IgnoreZeroCacheError: 0
[0712/185611:WARNING:dns_config_service_win.cc(674)] Failed to read DnsConfig.
[0712/185616:WARNING:dns_config_service_win.cc(674)] Failed to read DnsConfig.
[0712/185621:WARNING:dns_config_service_win.cc(674)] Failed to read DnsConfig.
[0712/185626:WARNING:dns_config_service_win.cc(674)] Failed to read DnsConfig.
[0712/185631:WARNING:dns_config_service_win.cc(674)] Failed to read DnsConfig.
[0712/185636:WARNING:dns_config_service_win.cc(674)] Failed to read DnsConfig.
[0712/185641:WARNING:dns_config_service_win.cc(674)] Failed to read DnsConfig.
[0712/185646:WARNING:dns_config_service_win.cc(674)] Failed to read DnsConfig.
[0712/185651:WARNING:dns_config_service_win.cc(674)] Failed to read DnsConfig.
[0712/185656:WARNING:dns_config_service_win.cc(674)] Failed to read DnsConfig.
[0712/185701:WARNING:dns_config_service_win.cc(674)] Failed to read DnsConfig.
[0712/185706:WARNING:dns_config_service_win.cc(674)] Failed to read DnsConfig.
[0712/185711:WARNING:dns_config_service_win.cc(674)] Failed to read DnsConfig.
[0712/185716:WARNING:dns_config_service_win.cc(674)] Failed to read DnsConfig.
[0712/185722:INFO:exception_record.cc(518)] [QB]Process ID: 13832 Type: 4
[0713/125259:WARNING:dns_config_service_win.cc(674)] Failed to read DnsConfig.
[0713/125326:INFO:exception_record.cc(518)] [QB]Process ID: 1776 Type: 4
[0713/200923:INFO:exception_record.cc(518)] [QB]Process ID: 2844 Type: 4
[0713/211428:WARNING:dns_config_service_win.cc(674)] Failed to read DnsConfig.
[0713/211430:WARNING:dns_config_service_win.cc(674)] Failed to read DnsConfig.
[0713/211430:WARNING:dns_config_service_win.cc(674)] Failed to read DnsConfig.
[0713/211430:WARNING:dns_config_service_win.cc(674)] Failed to read DnsConfig.
[0713/211430:WARNING:dns_config_service_win.cc(674)] Failed to read DnsConfig.
[0713/211430:WARNING:dns_config_service_win.cc(674)] Failed to read DnsConfig.
[0713/211430:WARNING:dns_config_service_win.cc(674)] Failed to read DnsConfig.
[0713/211452:INFO:exception_record.cc(518)] [QB]Process ID: 16176 Type: 4
[0714/121422:INFO:exception_record.cc(518)] [QB]Process ID: 17292 Type: 4
[0715/094246:WARNING:dns_config_service_win.cc(674)] Failed to read DnsConfig.
[0715/094246:WARNING:dns_config_service_win.cc(674)] Failed to read DnsConfig.
[0715/094306:INFO:exception_record.cc(518)] [QB]Process ID: 12936 Type: 4
[0715/103930:INFO:exception_record.cc(518)] [QB]Process ID: 13596 Type: 2
[0715/103934:WARNING:quota_manager.cc(1833)] Create directory failed for path
[0715/103934:WARNING:quota_manager.cc(1833)] Create directory failed for path
[0715/110934:WARNING:quota_manager.cc(1833)] Create directory failed for path
[0715/113934:WARNING:quota_manager.cc(1833)] Create directory failed for path
[0715/120934:WARNING:quota_manager.cc(1833)] Create directory failed for path
[0715/123934:WARNING:quota_manager.cc(1833)] Create directory failed for path
[0715/130934:WARNING:quota_manager.cc(1833)] Create directory failed for path
[0715/133934:WARNING:quota_manager.cc(1833)] Create directory failed for path
[0715/140934:WARNING:quota_manager.cc(1833)] Create directory failed for path
[0715/143934:WARNING:quota_manager.cc(1833)] Create directory failed for path
[0715/150908:INFO:exception_record.cc(518)] [QB]Process ID: 16092 Type: 2
[0715/150934:WARNING:quota_manager.cc(1833)] Create directory failed for path
[0715/153934:WARNING:quota_manager.cc(1833)] Create directory failed for path
[0715/160934:WARNING:quota_manager.cc(1833)] Create directory failed for path
[0715/163934:WARNING:quota_manager.cc(1833)] Create directory failed for path
[0715/170934:WARNING:quota_manager.cc(1833)] Create directory failed for path
[0715/173934:WARNING:quota_manager.cc(1833)] Create directory failed for path
[0715/180934:WARNING:quota_manager.cc(1833)] Create directory failed for path
[0715/190528:WARNING:quota_manager.cc(1833)] Create directory failed for path
[0715/190534:WARNING:dns_config_service_win.cc(674)] Failed to read DnsConfig.
[0715/190549:INFO:exception_record.cc(518)] [QB]Process ID: 21616 Type: 4
[0715/193528:WARNING:quota_manager.cc(1833)] Create directory failed for path
[0715/200528:WARNING:quota_manager.cc(1833)] Create directory failed for path
[0715/203528:WARNING:quota_manager.cc(1833)] Create directory failed for path
[0715/205357:INFO:exception_record.cc(518)] [QB]Process ID: 6032 Type: 2
[0715/210528:WARNING:quota_manager.cc(1833)] Create directory failed for path
[0715/213528:WARNING:quota_manager.cc(1833)] Create directory failed for path
[0715/220528:WARNING:quota_manager.cc(1833)] Create directory failed for path
[0715/223528:WARNING:quota_manager.cc(1833)] Create directory failed for path
[0715/230528:WARNING:quota_manager.cc(1833)] Create directory failed for path
[0715/233528:WARNING:quota_manager.cc(1833)] Create directory failed for path
[0716/000528:WARNING:quota_manager.cc(1833)] Create directory failed for path
[0716/003528:WARNING:quota_manager.cc(1833)] Create directory failed for path
[0716/010528:WARNING:quota_manager.cc(1833)] Create directory failed for path
[0716/013528:WARNING:quota_manager.cc(1833)] Create directory failed for path
[0716/020528:WARNING:quota_manager.cc(1833)] Create directory failed for path
[0716/111048:WARNING:quota_manager.cc(1833)] Create directory failed for path
[0716/111048:WARNING:dns_config_service_win.cc(674)] Failed to read DnsConfig.
[0716/111051:WARNING:dns_config_service_win.cc(674)] Failed to read DnsConfig.
[0716/111113:INFO:exception_record.cc(518)] [QB]Process ID: 5072 Type: 4
[0716/111125:INFO:child_thread_impl.cc(767)] ChildThreadImpl::EnsureConnected()
[0716/114045:WARNING:quota_manager.cc(1833)] Create directory failed for path
[0716/121045:WARNING:quota_manager.cc(1833)] Create directory failed for path
[0716/124045:WARNING:quota_manager.cc(1833)] Create directory failed for path
[0716/131045:WARNING:quota_manager.cc(1833)] Create directory failed for path
[0716/134045:WARNING:quota_manager.cc(1833)] Create directory failed for path
[0716/141045:WARNING:quota_manager.cc(1833)] Create directory failed for path
[0716/144045:WARNING:quota_manager.cc(1833)] Create directory failed for path
[0716/151045:WARNING:quota_manager.cc(1833)] Create directory failed for path
[0716/154045:WARNING:quota_manager.cc(1833)] Create directory failed for path
[0716/161045:WARNING:quota_manager.cc(1833)] Create directory failed for path
[0716/164045:WARNING:quota_manager.cc(1833)] Create directory failed for path
[0716/171045:WARNING:quota_manager.cc(1833)] Create directory failed for path
[0716/174045:WARNING:quota_manager.cc(1833)] Create directory failed for path
[0716/191054:WARNING:quota_manager.cc(1833)] Create directory failed for path
[0716/191100:WARNING:dns_config_service_win.cc(674)] Failed to read DnsConfig.
[0716/191101:WARNING:dns_config_service_win.cc(674)] Failed to read DnsConfig.
[0716/191102:WARNING:dns_config_service_win.cc(674)] Failed to read DnsConfig.
[0716/191124:INFO:exception_record.cc(518)] [QB]Process ID: 22816 Type: 4
[0716/194054:WARNING:quota_manager.cc(1833)] Create directory failed for path
[0716/201054:WARNING:quota_manager.cc(1833)] Create directory failed for path
[0716/204054:WARNING:quota_manager.cc(1833)] Create directory failed for path
[0716/211054:WARNING:quota_manager.cc(1833)] Create directory failed for path
[0716/214054:WARNING:quota_manager.cc(1833)] Create directory failed for path
[0716/221054:WARNING:quota_manager.cc(1833)] Create directory failed for path
[0716/224054:WARNING:quota_manager.cc(1833)] Create directory failed for path
[0716/231054:WARNING:quota_manager.cc(1833)] Create directory failed for path
[0716/234054:WARNING:quota_manager.cc(1833)] Create directory failed for path
[0717/001054:WARNING:quota_manager.cc(1833)] Create directory failed for path
[0717/004054:WARNING:quota_manager.cc(1833)] Create directory failed for path
[0717/011054:WARNING:quota_manager.cc(1833)] Create directory failed for path
[0717/014054:WARNING:quota_manager.cc(1833)] Create directory failed for path
[0717/021054:WARNING:quota_manager.cc(1833)] Create directory failed for path
